<?xml version="1.0" encoding="UTF-8"?>
<!-- Generated by org.testng.reporters.JUnitReportReporter -->
<testsuite hostname="Mindaug4s-PC" name="tests.stuff.tryNewStuffOut" tests="2" failures="0" timestamp="15 Mar 2017 08:26:10 GMT" time="9.683" errors="0">
  <testcase name="testDistricts" time="5.062" classname="tests.stuff.tryNewStuffOut"/>
  <testcase name="testDistricts" time="4.621" classname="tests.stuff.tryNewStuffOut"/>
</testsuite> <!-- tests.stuff.tryNewStuffOut -->
