<?xml version="1.0" encoding="UTF-8"?>
<!-- Generated by org.testng.reporters.JUnitReportReporter -->
<testsuite hostname="Mindaug4s-PC" name="website.VotingSystem.tests.TestPartyListPage" tests="3" failures="0" timestamp="11 Mar 2017 15:18:10 GMT" time="22.069" errors="0">
  <testcase name="testIfSortingByDistrictAndCountyWorks" time="7.714" classname="website.VotingSystem.tests.TestPartyListPage"/>
  <testcase name="testResultButton" time="7.322" classname="website.VotingSystem.tests.TestPartyListPage"/>
  <testcase name="testIfSelectByIdWorksInDistrictResults" time="7.033" classname="website.VotingSystem.tests.TestPartyListPage"/>
</testsuite> <!-- website.VotingSystem.tests.TestPartyListPage -->
