<?xml version="1.0" encoding="UTF-8"?>
<!-- Generated by org.testng.reporters.JUnitReportReporter -->
<testsuite hostname="Mindaug4s-PC" name="website.VotingSystem.tests.TestIfCountyRepresentativeCanLogIn" tests="3" failures="0" timestamp="14 Mar 2017 21:38:57 GMT" time="11.565" errors="0">
  <testcase name="testIfAdminSiteIsReachable" time="3.974" classname="website.VotingSystem.tests.TestIfCountyRepresentativeCanLogIn"/>
  <testcase name="testIfCountyRepresentativeSiteIsReachable" time="3.767" classname="website.VotingSystem.tests.TestIfCountyRepresentativeCanLogIn"/>
  <testcase name="testIfDistrictsSiteIsReachable" time="3.824" classname="website.VotingSystem.tests.TestIfCountyRepresentativeCanLogIn"/>
</testsuite> <!-- website.VotingSystem.tests.TestIfCountyRepresentativeCanLogIn -->
