<?xml version="1.0" encoding="UTF-8"?>
<!-- Generated by org.testng.reporters.JUnitReportReporter -->
<testsuite hostname="Mindaug4s-PC" name="website.VotingSystem.tests.TestIfMainComponentsArePresent" tests="2" failures="0" timestamp="9 Mar 2017 09:17:57 GMT" time="7.977" errors="0">
  <testcase name="testAdministratorElements" time="4.486" classname="website.VotingSystem.tests.TestIfMainComponentsArePresent"/>
  <testcase name="testHomePageElements" time="3.491" classname="website.VotingSystem.tests.TestIfMainComponentsArePresent"/>
</testsuite> <!-- website.VotingSystem.tests.TestIfMainComponentsArePresent -->
