<?xml version="1.0" encoding="UTF-8"?>
<!-- Generated by org.testng.reporters.JUnitReportReporter -->
<testsuite hostname="Mindaug4s-PC" name="website.VotingSystem.training.tryNewStuffOut" tests="2" failures="0" timestamp="13 Mar 2017 10:48:47 GMT" time="10.065" errors="0">
  <testcase name="testDistricts" time="4.667" classname="website.VotingSystem.training.tryNewStuffOut"/>
  <testcase name="testDistricts" time="5.398" classname="website.VotingSystem.training.tryNewStuffOut"/>
</testsuite> <!-- website.VotingSystem.training.tryNewStuffOut -->
