<?xml version="1.0" encoding="UTF-8"?>
<!-- Generated by org.testng.reporters.JUnitReportReporter -->
<testsuite hostname="Mindaug4s-PC" name="website.VotingSystem.tests.DistrictsTesting" tests="1" failures="0" timestamp="12 Mar 2017 23:24:39 GMT" time="9.309" errors="0">
  <testcase name="testIfSpecificCountyCanBeEdited" time="9.309" classname="website.VotingSystem.tests.DistrictsTesting"/>
</testsuite> <!-- website.VotingSystem.tests.DistrictsTesting -->
