<?xml version="1.0" encoding="UTF-8"?>
<!-- Generated by org.testng.reporters.JUnitReportReporter -->
<testsuite hostname="Mindaug4s-PC" name="tests.administration.districtCandidates.TestIfCandidatesCanBeAdded" tests="3" failures="0" timestamp="15 Mar 2017 20:04:45 GMT" time="12.907" errors="0">
  <testcase name="removeTheDistrict" time="4.012" classname="tests.administration.districtCandidates.TestIfCandidatesCanBeAdded"/>
  <testcase name="testIfDistrictCandidatesCanBeAddedToSpecificDistrict" time="4.723" classname="tests.administration.districtCandidates.TestIfCandidatesCanBeAdded"/>
  <testcase name="prepareTheDistrict" time="4.172" classname="tests.administration.districtCandidates.TestIfCandidatesCanBeAdded"/>
</testsuite> <!-- tests.administration.districtCandidates.TestIfCandidatesCanBeAdded -->
