<?xml version="1.0" encoding="UTF-8"?>
<!-- Generated by org.testng.reporters.JUnitReportReporter -->
<testsuite hostname="Mindaug4s-PC" name="tests.representative.TestRepresentative" tests="1" failures="0" timestamp="16 Mar 2017 03:42:07 GMT" time="3.248" errors="0">
  <testcase name="testSOmething" time="3.248" classname="tests.representative.TestRepresentative"/>
</testsuite> <!-- tests.representative.TestRepresentative -->
