<?xml version="1.0" encoding="UTF-8"?>
<!-- Generated by org.testng.reporters.JUnitReportReporter -->
<testsuite hostname="Mindaug4s-PC" name="tests.homepage.TestIfHomePage" tests="1" failures="0" timestamp="15 Mar 2017 09:18:19 GMT" time="3.764" errors="0">
  <testcase name="testifMainHomePageElementsAreAvailable" time="3.764" classname="tests.homepage.TestIfHomePage"/>
</testsuite> <!-- tests.homepage.TestIfHomePage -->
